<?xml version="1.0" encoding="UTF-8"?>
<coverage generated="1666795713898" clover="3.2.0">
  <project timestamp="1666795713899" name="All files">
    <metrics statements="52" coveredstatements="41" conditionals="13" coveredconditionals="6" methods="15" coveredmethods="8" elements="80" coveredelements="55" complexity="0" loc="52" ncloc="52" packages="2" files="4" classes="4"/>
    <package name="database.models">
      <metrics statements="28" coveredstatements="27" conditionals="9" coveredconditionals="6" methods="7" coveredmethods="7"/>
      <file name="game.js" path="C:\Users\LENOVO\Desktop\BINAR\Chapter 11\be-aku-cinta-binar-fsw-23\src\database\models\game.js">
        <metrics statements="4" coveredstatements="4" conditionals="0" coveredconditionals="0" methods="2" coveredmethods="2"/>
        <line num="4" count="1" type="stmt"/>
        <line num="5" count="1" type="stmt"/>
        <line num="17" count="1" type="stmt"/>
        <line num="29" count="1" type="stmt"/>
      </file>
      <file name="index.js" path="C:\Users\LENOVO\Desktop\BINAR\Chapter 11\be-aku-cinta-binar-fsw-23\src\database\models\index.js">
        <metrics statements="20" coveredstatements="19" conditionals="9" coveredconditionals="6" methods="3" coveredmethods="3"/>
        <line num="3" count="1" type="stmt"/>
        <line num="4" count="1" type="stmt"/>
        <line num="5" count="1" type="stmt"/>
        <line num="6" count="1" type="stmt"/>
        <line num="7" count="1" type="cond" truecount="1" falsecount="1"/>
        <line num="8" count="1" type="stmt"/>
        <line num="9" count="1" type="stmt"/>
        <line num="12" count="1" type="cond" truecount="1" falsecount="1"/>
        <line num="13" count="0" type="stmt"/>
        <line num="15" count="1" type="stmt"/>
        <line num="18" count="1" type="stmt"/>
        <line num="21" count="3" type="cond" truecount="3" falsecount="0"/>
        <line num="24" count="2" type="stmt"/>
        <line num="25" count="2" type="stmt"/>
        <line num="28" count="1" type="stmt"/>
        <line num="29" count="2" type="cond" truecount="1" falsecount="1"/>
        <line num="30" count="2" type="stmt"/>
        <line num="34" count="1" type="stmt"/>
        <line num="35" count="1" type="stmt"/>
        <line num="37" count="1" type="stmt"/>
      </file>
      <file name="user.js" path="C:\Users\LENOVO\Desktop\BINAR\Chapter 11\be-aku-cinta-binar-fsw-23\src\database\models\user.js">
        <metrics statements="4" coveredstatements="4" conditionals="0" coveredconditionals="0" methods="2" coveredmethods="2"/>
        <line num="2" count="1" type="stmt"/>
        <line num="3" count="1" type="stmt"/>
        <line num="22" count="1" type="stmt"/>
        <line num="34" count="1" type="stmt"/>
      </file>
    </package>
    <package name="user">
      <metrics statements="24" coveredstatements="14" conditionals="4" coveredconditionals="0" methods="8" coveredmethods="1"/>
      <file name="user.repo.js" path="C:\Users\LENOVO\Desktop\BINAR\Chapter 11\be-aku-cinta-binar-fsw-23\src\user\user.repo.js">
        <metrics statements="24" coveredstatements="14" conditionals="4" coveredconditionals="0" methods="8" coveredmethods="1"/>
        <line num="1" count="1" type="stmt"/>
        <line num="3" count="1" type="stmt"/>
        <line num="4" count="1" type="stmt"/>
        <line num="6" count="1" type="stmt"/>
        <line num="7" count="0" type="cond" truecount="0" falsecount="2"/>
        <line num="8" count="0" type="cond" truecount="0" falsecount="2"/>
        <line num="9" count="0" type="stmt"/>
        <line num="16" count="0" type="stmt"/>
        <line num="20" count="1" type="stmt"/>
        <line num="21" count="1" type="stmt"/>
        <line num="28" count="1" type="stmt"/>
        <line num="29" count="0" type="stmt"/>
        <line num="34" count="1" type="stmt"/>
        <line num="36" count="0" type="stmt"/>
        <line num="50" count="1" type="stmt"/>
        <line num="51" count="0" type="stmt"/>
        <line num="64" count="1" type="stmt"/>
        <line num="65" count="0" type="stmt"/>
        <line num="73" count="1" type="stmt"/>
        <line num="74" count="0" type="stmt"/>
        <line num="81" count="1" type="stmt"/>
        <line num="82" count="0" type="stmt"/>
        <line num="93" count="1" type="stmt"/>
        <line num="104" count="1" type="stmt"/>
      </file>
    </package>
  </project>
</coverage>
