{"C:\\Users\\User\\Desktop\\Chapter 11 last\\be-aku-cinta-binar-fsw-23\\src\\auth\\auth.controller.js": {"path":"C:\\Users\\User\\Desktop\\Chapter 11 last\\be-aku-cinta-binar-fsw-23\\src\\auth\\auth.controller.js","statementMap":{"0":{"start":{"line":1,"column":15},"end":{"line":1,"column":32}},"1":{"start":{"line":2,"column":12},"end":{"line":2,"column":35}},"2":{"start":{"line":3,"column":20},"end":{"line":3,"column":45}},"3":{"start":{"line":5,"column":17},"end":{"line":33,"column":3}},"4":{"start":{"line":6,"column":32},"end":{"line":6,"column":40}},"5":{"start":{"line":8,"column":22},"end":{"line":8,"column":57}},"6":{"start":{"line":11,"column":4},"end":{"line":11,"column":79}},"7":{"start":{"line":11,"column":20},"end":{"line":11,"column":79}},"8":{"start":{"line":14,"column":30},"end":{"line":14,"column":80}},"9":{"start":{"line":16,"column":4},"end":{"line":32,"column":5}},"10":{"start":{"line":18,"column":20},"end":{"line":27,"column":7}},"11":{"start":{"line":29,"column":6},"end":{"line":29,"column":146}},"12":{"start":{"line":31,"column":6},"end":{"line":31,"column":60}},"13":{"start":{"line":35,"column":33},"end":{"line":37,"column":3}},"14":{"start":{"line":38,"column":2},"end":{"line":38,"column":42}}},"fnMap":{"0":{"name":"(anonymous_0)","decl":{"start":{"line":5,"column":17},"end":{"line":5,"column":18}},"loc":{"start":{"line":5,"column":37},"end":{"line":33,"column":3}},"line":5}},"branchMap":{"0":{"loc":{"start":{"line":11,"column":4},"end":{"line":11,"column":79}},"type":"if","locations":[{"start":{"line":11,"column":4},"end":{"line":11,"column":79}},{"start":{},"end":{}}],"line":11},"1":{"loc":{"start":{"line":16,"column":4},"end":{"line":32,"column":5}},"type":"if","locations":[{"start":{"line":16,"column":4},"end":{"line":32,"column":5}},{"start":{"line":30,"column":11},"end":{"line":32,"column":5}}],"line":16}},"s":{"0":1,"1":1,"2":1,"3":1,"4":3,"5":3,"6":3,"7":1,"8":2,"9":2,"10":1,"11":1,"12":1,"13":1,"14":1},"f":{"0":3},"b":{"0":[1,2],"1":[1,1]},"_coverageSchema":"1a1c01bbd47fc00a2c39e90264f33305004495a9","hash":"56d00325ec32f3094f76aa77f776248808ed2f4b"}
,"C:\\Users\\User\\Desktop\\Chapter 11 last\\be-aku-cinta-binar-fsw-23\\src\\auth\\auth.repo.js": {"path":"C:\\Users\\User\\Desktop\\Chapter 11 last\\be-aku-cinta-binar-fsw-23\\src\\auth\\auth.repo.js","statementMap":{"0":{"start":{"line":2,"column":17},"end":{"line":2,"column":46}},"1":{"start":{"line":4,"column":18},"end":{"line":6,"column":1}},"2":{"start":{"line":5,"column":0},"end":{"line":5,"column":47}},"3":{"start":{"line":8,"column":25},"end":{"line":10,"column":1}},"4":{"start":{"line":11,"column":0},"end":{"line":11,"column":33}}},"fnMap":{"0":{"name":"(anonymous_0)","decl":{"start":{"line":4,"column":18},"end":{"line":4,"column":19}},"loc":{"start":{"line":4,"column":36},"end":{"line":6,"column":1}},"line":4}},"branchMap":{},"s":{"0":3,"1":3,"2":4,"3":3,"4":3},"f":{"0":4},"b":{},"_coverageSchema":"1a1c01bbd47fc00a2c39e90264f33305004495a9","hash":"9881adbc02acb92ce7648fe5df0e08fb9af0e710"}
,"C:\\Users\\User\\Desktop\\Chapter 11 last\\be-aku-cinta-binar-fsw-23\\src\\auth\\auth.service.js": {"path":"C:\\Users\\User\\Desktop\\Chapter 11 last\\be-aku-cinta-binar-fsw-23\\src\\auth\\auth.service.js","statementMap":{"0":{"start":{"line":1,"column":17},"end":{"line":1,"column":39}},"1":{"start":{"line":3,"column":18},"end":{"line":5,"column":1}},"2":{"start":{"line":4,"column":3},"end":{"line":4,"column":42}},"3":{"start":{"line":7,"column":28},"end":{"line":9,"column":1}},"4":{"start":{"line":11,"column":0},"end":{"line":11,"column":37}}},"fnMap":{"0":{"name":"(anonymous_0)","decl":{"start":{"line":3,"column":18},"end":{"line":3,"column":19}},"loc":{"start":{"line":3,"column":36},"end":{"line":5,"column":1}},"line":3}},"branchMap":{},"s":{"0":2,"1":2,"2":2,"3":2,"4":2},"f":{"0":2},"b":{},"_coverageSchema":"1a1c01bbd47fc00a2c39e90264f33305004495a9","hash":"c92564a8992a7ea2e5547cb69fc3ba83e20e2ea1"}
,"C:\\Users\\User\\Desktop\\Chapter 11 last\\be-aku-cinta-binar-fsw-23\\src\\database\\models\\game.js": {"path":"C:\\Users\\User\\Desktop\\Chapter 11 last\\be-aku-cinta-binar-fsw-23\\src\\database\\models\\game.js","statementMap":{"0":{"start":{"line":4,"column":4},"end":{"line":4,"column":24}},"1":{"start":{"line":5,"column":0},"end":{"line":30,"column":2}},"2":{"start":{"line":17,"column":2},"end":{"line":28,"column":5}},"3":{"start":{"line":29,"column":2},"end":{"line":29,"column":14}}},"fnMap":{"0":{"name":"(anonymous_0)","decl":{"start":{"line":5,"column":17},"end":{"line":5,"column":18}},"loc":{"start":{"line":5,"column":43},"end":{"line":30,"column":1}},"line":5},"1":{"name":"(anonymous_1)","decl":{"start":{"line":12,"column":4},"end":{"line":12,"column":5}},"loc":{"start":{"line":12,"column":29},"end":{"line":15,"column":5}},"line":12}},"branchMap":{},"s":{"0":10,"1":10,"2":10,"3":10},"f":{"0":10,"1":10},"b":{},"_coverageSchema":"1a1c01bbd47fc00a2c39e90264f33305004495a9","hash":"5ec26740da90459c9a0004fbad01429d53f85a8f"}
,"C:\\Users\\User\\Desktop\\Chapter 11 last\\be-aku-cinta-binar-fsw-23\\src\\database\\models\\user.js": {"path":"C:\\Users\\User\\Desktop\\Chapter 11 last\\be-aku-cinta-binar-fsw-23\\src\\database\\models\\user.js","statementMap":{"0":{"start":{"line":2,"column":18},"end":{"line":2,"column":38}},"1":{"start":{"line":3,"column":0},"end":{"line":35,"column":2}},"2":{"start":{"line":22,"column":2},"end":{"line":33,"column":4}},"3":{"start":{"line":34,"column":2},"end":{"line":34,"column":14}}},"fnMap":{"0":{"name":"(anonymous_0)","decl":{"start":{"line":3,"column":17},"end":{"line":3,"column":18}},"loc":{"start":{"line":3,"column":43},"end":{"line":35,"column":1}},"line":3},"1":{"name":"(anonymous_1)","decl":{"start":{"line":10,"column":4},"end":{"line":10,"column":5}},"loc":{"start":{"line":10,"column":29},"end":{"line":20,"column":5}},"line":10}},"branchMap":{},"s":{"0":10,"1":10,"2":10,"3":10},"f":{"0":10,"1":10},"b":{},"_coverageSchema":"1a1c01bbd47fc00a2c39e90264f33305004495a9","hash":"406251fbc273e1370af6ea09d8603f9af96389d6"}
,"C:\\Users\\User\\Desktop\\Chapter 11 last\\be-aku-cinta-binar-fsw-23\\src\\game\\game.controller.js": {"path":"C:\\Users\\User\\Desktop\\Chapter 11 last\\be-aku-cinta-binar-fsw-23\\src\\game\\game.controller.js","statementMap":{"0":{"start":{"line":1,"column":10},"end":{"line":1,"column":28}},"1":{"start":{"line":2,"column":20},"end":{"line":2,"column":45}},"2":{"start":{"line":3,"column":17},"end":{"line":3,"column":63}},"3":{"start":{"line":5,"column":21},"end":{"line":7,"column":1}},"4":{"start":{"line":9,"column":19},"end":{"line":22,"column":1}},"5":{"start":{"line":10,"column":2},"end":{"line":21,"column":3}},"6":{"start":{"line":11,"column":34},"end":{"line":11,"column":42}},"7":{"start":{"line":14,"column":23},"end":{"line":17,"column":6}},"8":{"start":{"line":18,"column":4},"end":{"line":18,"column":44}},"9":{"start":{"line":20,"column":4},"end":{"line":20,"column":39}},"10":{"start":{"line":24,"column":17},"end":{"line":35,"column":1}},"11":{"start":{"line":25,"column":2},"end":{"line":34,"column":3}},"12":{"start":{"line":26,"column":25},"end":{"line":26,"column":34}},"13":{"start":{"line":27,"column":21},"end":{"line":27,"column":59}},"14":{"start":{"line":31,"column":4},"end":{"line":31,"column":42}},"15":{"start":{"line":33,"column":4},"end":{"line":33,"column":68}},"16":{"start":{"line":37,"column":16},"end":{"line":45,"column":1}},"17":{"start":{"line":38,"column":2},"end":{"line":44,"column":3}},"18":{"start":{"line":39,"column":21},"end":{"line":39,"column":31}},"19":{"start":{"line":40,"column":17},"end":{"line":40,"column":52}},"20":{"start":{"line":41,"column":4},"end":{"line":41,"column":38}},"21":{"start":{"line":43,"column":4},"end":{"line":43,"column":68}},"22":{"start":{"line":47,"column":27},"end":{"line":61,"column":1}},"23":{"start":{"line":48,"column":2},"end":{"line":60,"column":3}},"24":{"start":{"line":49,"column":41},"end":{"line":49,"column":49}},"25":{"start":{"line":50,"column":21},"end":{"line":50,"column":31}},"26":{"start":{"line":51,"column":17},"end":{"line":51,"column":91}},"27":{"start":{"line":52,"column":4},"end":{"line":57,"column":5}},"28":{"start":{"line":53,"column":6},"end":{"line":53,"column":102}},"29":{"start":{"line":55,"column":6},"end":{"line":55,"column":55}},"30":{"start":{"line":56,"column":6},"end":{"line":56,"column":43}},"31":{"start":{"line":59,"column":4},"end":{"line":59,"column":68}},"32":{"start":{"line":65,"column":21},"end":{"line":70,"column":1}},"33":{"start":{"line":72,"column":0},"end":{"line":72,"column":30}}},"fnMap":{"0":{"name":"(anonymous_0)","decl":{"start":{"line":9,"column":19},"end":{"line":9,"column":20}},"loc":{"start":{"line":9,"column":39},"end":{"line":22,"column":1}},"line":9},"1":{"name":"(anonymous_1)","decl":{"start":{"line":24,"column":17},"end":{"line":24,"column":18}},"loc":{"start":{"line":24,"column":37},"end":{"line":35,"column":1}},"line":24},"2":{"name":"(anonymous_2)","decl":{"start":{"line":37,"column":16},"end":{"line":37,"column":17}},"loc":{"start":{"line":37,"column":35},"end":{"line":45,"column":1}},"line":37},"3":{"name":"(anonymous_3)","decl":{"start":{"line":47,"column":27},"end":{"line":47,"column":28}},"loc":{"start":{"line":47,"column":46},"end":{"line":61,"column":1}},"line":47}},"branchMap":{"0":{"loc":{"start":{"line":52,"column":4},"end":{"line":57,"column":5}},"type":"if","locations":[{"start":{"line":52,"column":4},"end":{"line":57,"column":5}},{"start":{"line":54,"column":9},"end":{"line":57,"column":5}}],"line":52}},"s":{"0":1,"1":1,"2":1,"3":1,"4":1,"5":2,"6":2,"7":2,"8":1,"9":1,"10":1,"11":2,"12":2,"13":2,"14":1,"15":1,"16":1,"17":2,"18":2,"19":2,"20":1,"21":1,"22":1,"23":3,"24":3,"25":3,"26":3,"27":2,"28":1,"29":1,"30":1,"31":1,"32":1,"33":1},"f":{"0":2,"1":2,"2":2,"3":3},"b":{"0":[1,1]},"_coverageSchema":"1a1c01bbd47fc00a2c39e90264f33305004495a9","hash":"b84c61b3e8ae3bcec107bac16b57d8cb7b194c43"}
,"C:\\Users\\User\\Desktop\\Chapter 11 last\\be-aku-cinta-binar-fsw-23\\src\\game\\game.repo.js": {"path":"C:\\Users\\User\\Desktop\\Chapter 11 last\\be-aku-cinta-binar-fsw-23\\src\\game\\game.repo.js","statementMap":{"0":{"start":{"line":1,"column":17},"end":{"line":1,"column":46}},"1":{"start":{"line":2,"column":22},"end":{"line":2,"column":42}},"2":{"start":{"line":3,"column":10},"end":{"line":3,"column":28}},"3":{"start":{"line":5,"column":18},"end":{"line":5,"column":27}},"4":{"start":{"line":6,"column":17},"end":{"line":6,"column":18}},"5":{"start":{"line":8,"column":19},"end":{"line":20,"column":1}},"6":{"start":{"line":9,"column":2},"end":{"line":19,"column":5}},"7":{"start":{"line":23,"column":17},"end":{"line":45,"column":1}},"8":{"start":{"line":25,"column":2},"end":{"line":44,"column":1}},"9":{"start":{"line":26,"column":4},"end":{"line":35,"column":7}},"10":{"start":{"line":39,"column":4},"end":{"line":43,"column":7}},"11":{"start":{"line":47,"column":16},"end":{"line":53,"column":1}},"12":{"start":{"line":48,"column":2},"end":{"line":52,"column":5}},"13":{"start":{"line":55,"column":27},"end":{"line":77,"column":1}},"14":{"start":{"line":56,"column":2},"end":{"line":76,"column":3}},"15":{"start":{"line":57,"column":4},"end":{"line":65,"column":6}},"16":{"start":{"line":67,"column":4},"end":{"line":75,"column":6}},"17":{"start":{"line":79,"column":21},"end":{"line":89,"column":1}},"18":{"start":{"line":80,"column":2},"end":{"line":88,"column":4}},"19":{"start":{"line":91,"column":25},"end":{"line":97,"column":1}},"20":{"start":{"line":99,"column":0},"end":{"line":99,"column":34}}},"fnMap":{"0":{"name":"(anonymous_0)","decl":{"start":{"line":8,"column":19},"end":{"line":8,"column":20}},"loc":{"start":{"line":8,"column":52},"end":{"line":20,"column":1}},"line":8},"1":{"name":"(anonymous_1)","decl":{"start":{"line":23,"column":17},"end":{"line":23,"column":18}},"loc":{"start":{"line":23,"column":39},"end":{"line":45,"column":1}},"line":23},"2":{"name":"(anonymous_2)","decl":{"start":{"line":47,"column":16},"end":{"line":47,"column":17}},"loc":{"start":{"line":47,"column":38},"end":{"line":53,"column":1}},"line":47},"3":{"name":"(anonymous_3)","decl":{"start":{"line":55,"column":27},"end":{"line":55,"column":28}},"loc":{"start":{"line":55,"column":77},"end":{"line":77,"column":1}},"line":55},"4":{"name":"(anonymous_4)","decl":{"start":{"line":79,"column":21},"end":{"line":79,"column":22}},"loc":{"start":{"line":79,"column":51},"end":{"line":89,"column":1}},"line":79}},"branchMap":{"0":{"loc":{"start":{"line":25,"column":2},"end":{"line":44,"column":1}},"type":"if","locations":[{"start":{"line":25,"column":2},"end":{"line":44,"column":1}},{"start":{"line":38,"column":6},"end":{"line":44,"column":1}}],"line":25},"1":{"loc":{"start":{"line":56,"column":2},"end":{"line":76,"column":3}},"type":"if","locations":[{"start":{"line":56,"column":2},"end":{"line":76,"column":3}},{"start":{"line":66,"column":9},"end":{"line":76,"column":3}}],"line":56}},"s":{"0":3,"1":3,"2":3,"3":3,"4":3,"5":3,"6":4,"7":3,"8":3,"9":2,"10":1,"11":3,"12":2,"13":3,"14":4,"15":2,"16":2,"17":3,"18":1,"19":3,"20":3},"f":{"0":4,"1":3,"2":2,"3":4,"4":1},"b":{"0":[2,1],"1":[2,2]},"_coverageSchema":"1a1c01bbd47fc00a2c39e90264f33305004495a9","hash":"2b10b86d8688e96c45ee4b46d41b074fc757501c"}
,"C:\\Users\\User\\Desktop\\Chapter 11 last\\be-aku-cinta-binar-fsw-23\\src\\game\\game.service.js": {"path":"C:\\Users\\User\\Desktop\\Chapter 11 last\\be-aku-cinta-binar-fsw-23\\src\\game\\game.service.js","statementMap":{"0":{"start":{"line":1,"column":17},"end":{"line":1,"column":45}},"1":{"start":{"line":2,"column":17},"end":{"line":2,"column":39}},"2":{"start":{"line":4,"column":19},"end":{"line":9,"column":1}},"3":{"start":{"line":5,"column":2},"end":{"line":8,"column":5}},"4":{"start":{"line":11,"column":17},"end":{"line":13,"column":1}},"5":{"start":{"line":12,"column":2},"end":{"line":12,"column":45}},"6":{"start":{"line":15,"column":16},"end":{"line":17,"column":1}},"7":{"start":{"line":16,"column":2},"end":{"line":16,"column":44}},"8":{"start":{"line":19,"column":27},"end":{"line":26,"column":1}},"9":{"start":{"line":20,"column":2},"end":{"line":25,"column":5}},"10":{"start":{"line":28,"column":20},"end":{"line":58,"column":1}},"11":{"start":{"line":29,"column":15},"end":{"line":29,"column":17}},"12":{"start":{"line":30,"column":15},"end":{"line":30,"column":49}},"13":{"start":{"line":31,"column":2},"end":{"line":46,"column":3}},"14":{"start":{"line":32,"column":4},"end":{"line":32,"column":20}},"15":{"start":{"line":34,"column":4},"end":{"line":35,"column":28}},"16":{"start":{"line":35,"column":6},"end":{"line":35,"column":28}},"17":{"start":{"line":36,"column":4},"end":{"line":37,"column":28}},"18":{"start":{"line":37,"column":6},"end":{"line":37,"column":28}},"19":{"start":{"line":38,"column":4},"end":{"line":39,"column":28}},"20":{"start":{"line":39,"column":6},"end":{"line":39,"column":28}},"21":{"start":{"line":40,"column":4},"end":{"line":41,"column":28}},"22":{"start":{"line":41,"column":6},"end":{"line":41,"column":28}},"23":{"start":{"line":42,"column":4},"end":{"line":43,"column":28}},"24":{"start":{"line":43,"column":6},"end":{"line":43,"column":28}},"25":{"start":{"line":44,"column":4},"end":{"line":45,"column":28}},"26":{"start":{"line":45,"column":6},"end":{"line":45,"column":28}},"27":{"start":{"line":48,"column":2},"end":{"line":55,"column":3}},"28":{"start":{"line":49,"column":17},"end":{"line":49,"column":33}},"29":{"start":{"line":50,"column":23},"end":{"line":50,"column":61}},"30":{"start":{"line":52,"column":4},"end":{"line":52,"column":33}},"31":{"start":{"line":53,"column":16},"end":{"line":53,"column":36}},"32":{"start":{"line":54,"column":4},"end":{"line":54,"column":50}},"33":{"start":{"line":56,"column":2},"end":{"line":56,"column":50}},"34":{"start":{"line":57,"column":2},"end":{"line":57,"column":16}},"35":{"start":{"line":60,"column":28},"end":{"line":66,"column":1}},"36":{"start":{"line":68,"column":0},"end":{"line":68,"column":37}}},"fnMap":{"0":{"name":"(anonymous_0)","decl":{"start":{"line":4,"column":19},"end":{"line":4,"column":20}},"loc":{"start":{"line":4,"column":52},"end":{"line":9,"column":1}},"line":4},"1":{"name":"(anonymous_1)","decl":{"start":{"line":11,"column":17},"end":{"line":11,"column":18}},"loc":{"start":{"line":11,"column":39},"end":{"line":13,"column":1}},"line":11},"2":{"name":"(anonymous_2)","decl":{"start":{"line":15,"column":16},"end":{"line":15,"column":17}},"loc":{"start":{"line":15,"column":38},"end":{"line":17,"column":1}},"line":15},"3":{"name":"(anonymous_3)","decl":{"start":{"line":19,"column":27},"end":{"line":19,"column":28}},"loc":{"start":{"line":19,"column":77},"end":{"line":26,"column":1}},"line":19},"4":{"name":"(anonymous_4)","decl":{"start":{"line":28,"column":20},"end":{"line":28,"column":21}},"loc":{"start":{"line":28,"column":42},"end":{"line":58,"column":1}},"line":28}},"branchMap":{"0":{"loc":{"start":{"line":31,"column":2},"end":{"line":46,"column":3}},"type":"if","locations":[{"start":{"line":31,"column":2},"end":{"line":46,"column":3}},{"start":{"line":33,"column":9},"end":{"line":46,"column":3}}],"line":31},"1":{"loc":{"start":{"line":34,"column":4},"end":{"line":35,"column":28}},"type":"if","locations":[{"start":{"line":34,"column":4},"end":{"line":35,"column":28}},{"start":{},"end":{}}],"line":34},"2":{"loc":{"start":{"line":34,"column":8},"end":{"line":34,"column":60}},"type":"binary-expr","locations":[{"start":{"line":34,"column":8},"end":{"line":34,"column":32}},{"start":{"line":34,"column":36},"end":{"line":34,"column":60}}],"line":34},"3":{"loc":{"start":{"line":36,"column":4},"end":{"line":37,"column":28}},"type":"if","locations":[{"start":{"line":36,"column":4},"end":{"line":37,"column":28}},{"start":{},"end":{}}],"line":36},"4":{"loc":{"start":{"line":36,"column":8},"end":{"line":36,"column":60}},"type":"binary-expr","locations":[{"start":{"line":36,"column":8},"end":{"line":36,"column":32}},{"start":{"line":36,"column":36},"end":{"line":36,"column":60}}],"line":36},"5":{"loc":{"start":{"line":38,"column":4},"end":{"line":39,"column":28}},"type":"if","locations":[{"start":{"line":38,"column":4},"end":{"line":39,"column":28}},{"start":{},"end":{}}],"line":38},"6":{"loc":{"start":{"line":38,"column":8},"end":{"line":38,"column":60}},"type":"binary-expr","locations":[{"start":{"line":38,"column":8},"end":{"line":38,"column":32}},{"start":{"line":38,"column":36},"end":{"line":38,"column":60}}],"line":38},"7":{"loc":{"start":{"line":40,"column":4},"end":{"line":41,"column":28}},"type":"if","locations":[{"start":{"line":40,"column":4},"end":{"line":41,"column":28}},{"start":{},"end":{}}],"line":40},"8":{"loc":{"start":{"line":40,"column":8},"end":{"line":40,"column":60}},"type":"binary-expr","locations":[{"start":{"line":40,"column":8},"end":{"line":40,"column":32}},{"start":{"line":40,"column":36},"end":{"line":40,"column":60}}],"line":40},"9":{"loc":{"start":{"line":42,"column":4},"end":{"line":43,"column":28}},"type":"if","locations":[{"start":{"line":42,"column":4},"end":{"line":43,"column":28}},{"start":{},"end":{}}],"line":42},"10":{"loc":{"start":{"line":42,"column":8},"end":{"line":42,"column":60}},"type":"binary-expr","locations":[{"start":{"line":42,"column":8},"end":{"line":42,"column":32}},{"start":{"line":42,"column":36},"end":{"line":42,"column":60}}],"line":42},"11":{"loc":{"start":{"line":44,"column":4},"end":{"line":45,"column":28}},"type":"if","locations":[{"start":{"line":44,"column":4},"end":{"line":45,"column":28}},{"start":{},"end":{}}],"line":44},"12":{"loc":{"start":{"line":44,"column":8},"end":{"line":44,"column":60}},"type":"binary-expr","locations":[{"start":{"line":44,"column":8},"end":{"line":44,"column":32}},{"start":{"line":44,"column":36},"end":{"line":44,"column":60}}],"line":44},"13":{"loc":{"start":{"line":48,"column":2},"end":{"line":55,"column":3}},"type":"if","locations":[{"start":{"line":48,"column":2},"end":{"line":55,"column":3}},{"start":{},"end":{}}],"line":48}},"s":{"0":2,"1":2,"2":2,"3":1,"4":2,"5":1,"6":2,"7":1,"8":2,"9":2,"10":2,"11":7,"12":7,"13":7,"14":1,"15":6,"16":1,"17":6,"18":1,"19":6,"20":1,"21":6,"22":1,"23":6,"24":1,"25":6,"26":1,"27":7,"28":6,"29":6,"30":6,"31":6,"32":6,"33":7,"34":7,"35":2,"36":2},"f":{"0":1,"1":1,"2":1,"3":2,"4":7},"b":{"0":[1,6],"1":[1,5],"2":[6,2],"3":[1,5],"4":[6,2],"5":[1,5],"6":[6,2],"7":[1,5],"8":[6,2],"9":[1,5],"10":[6,2],"11":[1,5],"12":[6,2],"13":[6,1]},"_coverageSchema":"1a1c01bbd47fc00a2c39e90264f33305004495a9","hash":"6269b4bd1e32d3db1f852dbeece10bb87359439f"}
,"C:\\Users\\User\\Desktop\\Chapter 11 last\\be-aku-cinta-binar-fsw-23\\src\\middleware\\token.verification.js": {"path":"C:\\Users\\User\\Desktop\\Chapter 11 last\\be-aku-cinta-binar-fsw-23\\src\\middleware\\token.verification.js","statementMap":{"0":{"start":{"line":1,"column":0},"end":{"line":1,"column":27}},"1":{"start":{"line":2,"column":12},"end":{"line":2,"column":35}},"2":{"start":{"line":4,"column":26},"end":{"line":20,"column":1}},"3":{"start":{"line":6,"column":21},"end":{"line":6,"column":49}},"4":{"start":{"line":7,"column":16},"end":{"line":7,"column":54}},"5":{"start":{"line":8,"column":2},"end":{"line":10,"column":3}},"6":{"start":{"line":9,"column":4},"end":{"line":9,"column":77}},"7":{"start":{"line":12,"column":2},"end":{"line":19,"column":3}},"8":{"start":{"line":14,"column":17},"end":{"line":14,"column":70}},"9":{"start":{"line":15,"column":4},"end":{"line":15,"column":20}},"10":{"start":{"line":16,"column":4},"end":{"line":16,"column":11}},"11":{"start":{"line":18,"column":4},"end":{"line":18,"column":62}},"12":{"start":{"line":22,"column":0},"end":{"line":22,"column":35}}},"fnMap":{"0":{"name":"(anonymous_0)","decl":{"start":{"line":4,"column":26},"end":{"line":4,"column":27}},"loc":{"start":{"line":4,"column":52},"end":{"line":20,"column":1}},"line":4}},"branchMap":{"0":{"loc":{"start":{"line":7,"column":16},"end":{"line":7,"column":54}},"type":"binary-expr","locations":[{"start":{"line":7,"column":16},"end":{"line":7,"column":26}},{"start":{"line":7,"column":30},"end":{"line":7,"column":54}}],"line":7},"1":{"loc":{"start":{"line":8,"column":2},"end":{"line":10,"column":3}},"type":"if","locations":[{"start":{"line":8,"column":2},"end":{"line":10,"column":3}},{"start":{},"end":{}}],"line":8}},"s":{"0":3,"1":3,"2":3,"3":3,"4":3,"5":3,"6":1,"7":2,"8":2,"9":1,"10":1,"11":1,"12":3},"f":{"0":3},"b":{"0":[3,2],"1":[1,2]},"_coverageSchema":"1a1c01bbd47fc00a2c39e90264f33305004495a9","hash":"5b95ec383dd98c822e1e38f508bf04e7553e8588"}
,"C:\\Users\\User\\Desktop\\Chapter 11 last\\be-aku-cinta-binar-fsw-23\\src\\middleware\\user.validation.js": {"path":"C:\\Users\\User\\Desktop\\Chapter 11 last\\be-aku-cinta-binar-fsw-23\\src\\middleware\\user.validation.js","statementMap":{"0":{"start":{"line":2,"column":17},"end":{"line":2,"column":45}},"1":{"start":{"line":3,"column":18},"end":{"line":3,"column":46}},"2":{"start":{"line":6,"column":37},"end":{"line":22,"column":1}},"3":{"start":{"line":24,"column":29},"end":{"line":30,"column":1}},"4":{"start":{"line":32,"column":30},"end":{"line":41,"column":1}},"5":{"start":{"line":43,"column":29},"end":{"line":54,"column":1}},"6":{"start":{"line":56,"column":25},"end":{"line":61,"column":1}},"7":{"start":{"line":63,"column":0},"end":{"line":69,"column":2}}},"fnMap":{},"branchMap":{},"s":{"0":1,"1":1,"2":1,"3":1,"4":1,"5":1,"6":1,"7":1},"f":{},"b":{},"_coverageSchema":"1a1c01bbd47fc00a2c39e90264f33305004495a9","hash":"73d3d684808866c95ea97ca9bc240261aff87818"}
,"C:\\Users\\User\\Desktop\\Chapter 11 last\\be-aku-cinta-binar-fsw-23\\src\\user\\user.controller.js": {"path":"C:\\Users\\User\\Desktop\\Chapter 11 last\\be-aku-cinta-binar-fsw-23\\src\\user\\user.controller.js","statementMap":{"0":{"start":{"line":1,"column":20},"end":{"line":1,"column":45}},"1":{"start":{"line":2,"column":29},"end":{"line":2,"column":57}},"2":{"start":{"line":4,"column":17},"end":{"line":4,"column":63}},"3":{"start":{"line":5,"column":19},"end":{"line":5,"column":82}},"4":{"start":{"line":6,"column":19},"end":{"line":6,"column":90}},"5":{"start":{"line":7,"column":23},"end":{"line":7,"column":76}},"6":{"start":{"line":8,"column":22},"end":{"line":8,"column":41}},"7":{"start":{"line":9,"column":31},"end":{"line":9,"column":79}},"8":{"start":{"line":10,"column":17},"end":{"line":10,"column":39}},"9":{"start":{"line":11,"column":21},"end":{"line":11,"column":71}},"10":{"start":{"line":13,"column":22},"end":{"line":17,"column":1}},"11":{"start":{"line":19,"column":19},"end":{"line":27,"column":1}},"12":{"start":{"line":20,"column":2},"end":{"line":26,"column":3}},"13":{"start":{"line":21,"column":38},"end":{"line":21,"column":47}},"14":{"start":{"line":22,"column":21},"end":{"line":22,"column":76}},"15":{"start":{"line":23,"column":4},"end":{"line":23,"column":30}},"16":{"start":{"line":25,"column":4},"end":{"line":25,"column":55}},"17":{"start":{"line":29,"column":21},"end":{"line":46,"column":1}},"18":{"start":{"line":30,"column":2},"end":{"line":45,"column":3}},"19":{"start":{"line":31,"column":23},"end":{"line":31,"column":33}},"20":{"start":{"line":32,"column":25},"end":{"line":32,"column":33}},"21":{"start":{"line":33,"column":21},"end":{"line":33,"column":29}},"22":{"start":{"line":34,"column":23},"end":{"line":34,"column":34}},"23":{"start":{"line":36,"column":4},"end":{"line":42,"column":5}},"24":{"start":{"line":37,"column":27},"end":{"line":37,"column":71}},"25":{"start":{"line":38,"column":6},"end":{"line":39,"column":68}},"26":{"start":{"line":38,"column":22},"end":{"line":38,"column":76}},"27":{"start":{"line":39,"column":11},"end":{"line":39,"column":68}},"28":{"start":{"line":41,"column":6},"end":{"line":41,"column":70}},"29":{"start":{"line":44,"column":4},"end":{"line":44,"column":68}},"30":{"start":{"line":48,"column":17},"end":{"line":72,"column":1}},"31":{"start":{"line":49,"column":2},"end":{"line":71,"column":3}},"32":{"start":{"line":50,"column":42},"end":{"line":50,"column":50}},"33":{"start":{"line":51,"column":23},"end":{"line":51,"column":33}},"34":{"start":{"line":52,"column":21},"end":{"line":52,"column":29}},"35":{"start":{"line":53,"column":23},"end":{"line":53,"column":34}},"36":{"start":{"line":54,"column":26},"end":{"line":54,"column":40}},"37":{"start":{"line":56,"column":4},"end":{"line":68,"column":5}},"38":{"start":{"line":57,"column":33},"end":{"line":63,"column":8}},"39":{"start":{"line":64,"column":6},"end":{"line":64,"column":38}},"40":{"start":{"line":65,"column":6},"end":{"line":65,"column":67}},"41":{"start":{"line":67,"column":6},"end":{"line":67,"column":70}},"42":{"start":{"line":70,"column":4},"end":{"line":70,"column":68}},"43":{"start":{"line":74,"column":19},"end":{"line":90,"column":1}},"44":{"start":{"line":75,"column":2},"end":{"line":89,"column":3}},"45":{"start":{"line":76,"column":42},"end":{"line":76,"column":50}},"46":{"start":{"line":77,"column":30},"end":{"line":81,"column":6}},"47":{"start":{"line":82,"column":4},"end":{"line":86,"column":75}},"48":{"start":{"line":83,"column":6},"end":{"line":85,"column":65}},"49":{"start":{"line":86,"column":9},"end":{"line":86,"column":75}},"50":{"start":{"line":88,"column":4},"end":{"line":88,"column":68}},"51":{"start":{"line":92,"column":20},"end":{"line":100,"column":1}},"52":{"start":{"line":93,"column":2},"end":{"line":99,"column":3}},"53":{"start":{"line":94,"column":23},"end":{"line":94,"column":33}},"54":{"start":{"line":95,"column":17},"end":{"line":95,"column":58}},"55":{"start":{"line":96,"column":4},"end":{"line":96,"column":38}},"56":{"start":{"line":98,"column":4},"end":{"line":98,"column":68}},"57":{"start":{"line":102,"column":21},"end":{"line":112,"column":1}},"58":{"start":{"line":103,"column":2},"end":{"line":111,"column":3}},"59":{"start":{"line":104,"column":23},"end":{"line":104,"column":33}},"60":{"start":{"line":105,"column":4},"end":{"line":105,"column":43}},"61":{"start":{"line":106,"column":4},"end":{"line":106,"column":76}},"62":{"start":{"line":108,"column":4},"end":{"line":110,"column":71}},"63":{"start":{"line":114,"column":18},"end":{"line":127,"column":1}},"64":{"start":{"line":115,"column":2},"end":{"line":126,"column":3}},"65":{"start":{"line":116,"column":20},"end":{"line":116,"column":28}},"66":{"start":{"line":118,"column":23},"end":{"line":118,"column":59}},"67":{"start":{"line":120,"column":4},"end":{"line":122,"column":73}},"68":{"start":{"line":120,"column":20},"end":{"line":120,"column":86}},"69":{"start":{"line":122,"column":4},"end":{"line":122,"column":73}},"70":{"start":{"line":124,"column":4},"end":{"line":124,"column":23}},"71":{"start":{"line":125,"column":4},"end":{"line":125,"column":68}},"72":{"start":{"line":129,"column":23},"end":{"line":137,"column":1}},"73":{"start":{"line":139,"column":0},"end":{"line":139,"column":32}}},"fnMap":{"0":{"name":"(anonymous_0)","decl":{"start":{"line":19,"column":19},"end":{"line":19,"column":20}},"loc":{"start":{"line":19,"column":39},"end":{"line":27,"column":1}},"line":19},"1":{"name":"(anonymous_1)","decl":{"start":{"line":29,"column":21},"end":{"line":29,"column":22}},"loc":{"start":{"line":29,"column":41},"end":{"line":46,"column":1}},"line":29},"2":{"name":"(anonymous_2)","decl":{"start":{"line":48,"column":17},"end":{"line":48,"column":18}},"loc":{"start":{"line":48,"column":37},"end":{"line":72,"column":1}},"line":48},"3":{"name":"(anonymous_3)","decl":{"start":{"line":74,"column":19},"end":{"line":74,"column":20}},"loc":{"start":{"line":74,"column":39},"end":{"line":90,"column":1}},"line":74},"4":{"name":"(anonymous_4)","decl":{"start":{"line":92,"column":20},"end":{"line":92,"column":21}},"loc":{"start":{"line":92,"column":40},"end":{"line":100,"column":1}},"line":92},"5":{"name":"(anonymous_5)","decl":{"start":{"line":102,"column":21},"end":{"line":102,"column":22}},"loc":{"start":{"line":102,"column":41},"end":{"line":112,"column":1}},"line":102},"6":{"name":"(anonymous_6)","decl":{"start":{"line":114,"column":18},"end":{"line":114,"column":19}},"loc":{"start":{"line":114,"column":38},"end":{"line":127,"column":1}},"line":114}},"branchMap":{"0":{"loc":{"start":{"line":36,"column":4},"end":{"line":42,"column":5}},"type":"if","locations":[{"start":{"line":36,"column":4},"end":{"line":42,"column":5}},{"start":{"line":40,"column":10},"end":{"line":42,"column":5}}],"line":36},"1":{"loc":{"start":{"line":38,"column":6},"end":{"line":39,"column":68}},"type":"if","locations":[{"start":{"line":38,"column":6},"end":{"line":39,"column":68}},{"start":{"line":39,"column":11},"end":{"line":39,"column":68}}],"line":38},"2":{"loc":{"start":{"line":56,"column":4},"end":{"line":68,"column":5}},"type":"if","locations":[{"start":{"line":56,"column":4},"end":{"line":68,"column":5}},{"start":{"line":66,"column":11},"end":{"line":68,"column":5}}],"line":56},"3":{"loc":{"start":{"line":82,"column":4},"end":{"line":86,"column":75}},"type":"if","locations":[{"start":{"line":82,"column":4},"end":{"line":86,"column":75}},{"start":{"line":86,"column":9},"end":{"line":86,"column":75}}],"line":82},"4":{"loc":{"start":{"line":120,"column":4},"end":{"line":122,"column":73}},"type":"if","locations":[{"start":{"line":120,"column":4},"end":{"line":122,"column":73}},{"start":{"line":122,"column":4},"end":{"line":122,"column":73}}],"line":120}},"s":{"0":2,"1":2,"2":2,"3":2,"4":2,"5":2,"6":2,"7":2,"8":2,"9":2,"10":2,"11":2,"12":2,"13":2,"14":2,"15":1,"16":1,"17":2,"18":4,"19":4,"20":4,"21":4,"22":4,"23":3,"24":2,"25":2,"26":1,"27":1,"28":1,"29":1,"30":2,"31":3,"32":3,"33":3,"34":3,"35":3,"36":3,"37":3,"38":2,"39":1,"40":1,"41":1,"42":1,"43":2,"44":3,"45":3,"46":3,"47":2,"48":1,"49":1,"50":1,"51":2,"52":2,"53":2,"54":2,"55":1,"56":1,"57":2,"58":2,"59":2,"60":2,"61":1,"62":1,"63":2,"64":3,"65":3,"66":3,"67":2,"68":1,"69":1,"70":1,"71":1,"72":2,"73":2},"f":{"0":2,"1":4,"2":3,"3":3,"4":2,"5":2,"6":3},"b":{"0":[2,1],"1":[1,1],"2":[2,1],"3":[1,1],"4":[1,1]},"_coverageSchema":"1a1c01bbd47fc00a2c39e90264f33305004495a9","hash":"3267d7a1923bd05f27040dbea65439d5406f0e8f"}
,"C:\\Users\\User\\Desktop\\Chapter 11 last\\be-aku-cinta-binar-fsw-23\\src\\user\\user.repo.js": {"path":"C:\\Users\\User\\Desktop\\Chapter 11 last\\be-aku-cinta-binar-fsw-23\\src\\user\\user.repo.js","statementMap":{"0":{"start":{"line":1,"column":17},"end":{"line":1,"column":46}},"1":{"start":{"line":3,"column":18},"end":{"line":3,"column":27}},"2":{"start":{"line":4,"column":17},"end":{"line":4,"column":18}},"3":{"start":{"line":6,"column":19},"end":{"line":18,"column":1}},"4":{"start":{"line":7,"column":2},"end":{"line":7,"column":53}},"5":{"start":{"line":7,"column":30},"end":{"line":7,"column":53}},"6":{"start":{"line":8,"column":2},"end":{"line":17,"column":3}},"7":{"start":{"line":9,"column":4},"end":{"line":14,"column":7}},"8":{"start":{"line":16,"column":4},"end":{"line":16,"column":32}},"9":{"start":{"line":20,"column":19},"end":{"line":26,"column":1}},"10":{"start":{"line":21,"column":2},"end":{"line":25,"column":5}},"11":{"start":{"line":28,"column":26},"end":{"line":32,"column":1}},"12":{"start":{"line":29,"column":2},"end":{"line":31,"column":5}},"13":{"start":{"line":34,"column":17},"end":{"line":48,"column":1}},"14":{"start":{"line":36,"column":4},"end":{"line":46,"column":6}},"15":{"start":{"line":50,"column":21},"end":{"line":62,"column":1}},"16":{"start":{"line":51,"column":2},"end":{"line":60,"column":4}},"17":{"start":{"line":64,"column":23},"end":{"line":71,"column":1}},"18":{"start":{"line":65,"column":2},"end":{"line":70,"column":5}},"19":{"start":{"line":73,"column":20},"end":{"line":79,"column":1}},"20":{"start":{"line":74,"column":2},"end":{"line":78,"column":5}},"21":{"start":{"line":81,"column":20},"end":{"line":91,"column":1}},"22":{"start":{"line":82,"column":2},"end":{"line":90,"column":4}},"23":{"start":{"line":93,"column":17},"end":{"line":102,"column":1}},"24":{"start":{"line":104,"column":0},"end":{"line":104,"column":26}}},"fnMap":{"0":{"name":"(anonymous_0)","decl":{"start":{"line":6,"column":19},"end":{"line":6,"column":20}},"loc":{"start":{"line":6,"column":56},"end":{"line":18,"column":1}},"line":6},"1":{"name":"(anonymous_1)","decl":{"start":{"line":20,"column":19},"end":{"line":20,"column":20}},"loc":{"start":{"line":20,"column":60},"end":{"line":26,"column":1}},"line":20},"2":{"name":"(anonymous_2)","decl":{"start":{"line":28,"column":26},"end":{"line":28,"column":27}},"loc":{"start":{"line":28,"column":43},"end":{"line":32,"column":1}},"line":28},"3":{"name":"(anonymous_3)","decl":{"start":{"line":34,"column":17},"end":{"line":34,"column":18}},"loc":{"start":{"line":34,"column":56},"end":{"line":48,"column":1}},"line":34},"4":{"name":"(anonymous_4)","decl":{"start":{"line":50,"column":21},"end":{"line":50,"column":22}},"loc":{"start":{"line":50,"column":57},"end":{"line":62,"column":1}},"line":50},"5":{"name":"(anonymous_5)","decl":{"start":{"line":64,"column":23},"end":{"line":64,"column":24}},"loc":{"start":{"line":64,"column":56},"end":{"line":71,"column":1}},"line":64},"6":{"name":"(anonymous_6)","decl":{"start":{"line":73,"column":20},"end":{"line":73,"column":21}},"loc":{"start":{"line":73,"column":42},"end":{"line":79,"column":1}},"line":73},"7":{"name":"(anonymous_7)","decl":{"start":{"line":81,"column":20},"end":{"line":81,"column":21}},"loc":{"start":{"line":81,"column":49},"end":{"line":91,"column":1}},"line":81}},"branchMap":{"0":{"loc":{"start":{"line":7,"column":2},"end":{"line":7,"column":53}},"type":"if","locations":[{"start":{"line":7,"column":2},"end":{"line":7,"column":53}},{"start":{},"end":{}}],"line":7},"1":{"loc":{"start":{"line":8,"column":2},"end":{"line":17,"column":3}},"type":"if","locations":[{"start":{"line":8,"column":2},"end":{"line":17,"column":3}},{"start":{"line":15,"column":9},"end":{"line":17,"column":3}}],"line":8}},"s":{"0":6,"1":6,"2":6,"3":6,"4":4,"5":2,"6":4,"7":3,"8":1,"9":6,"10":2,"11":6,"12":2,"13":6,"14":2,"15":6,"16":2,"17":6,"18":1,"19":6,"20":3,"21":6,"22":3,"23":6,"24":6},"f":{"0":4,"1":2,"2":2,"3":2,"4":2,"5":1,"6":3,"7":3},"b":{"0":[2,2],"1":[3,1]},"_coverageSchema":"1a1c01bbd47fc00a2c39e90264f33305004495a9","hash":"4c0c1b84ac929a0cfd0161ea7318e2512d0fd2a0"}
,"C:\\Users\\User\\Desktop\\Chapter 11 last\\be-aku-cinta-binar-fsw-23\\src\\user\\user.route.js": {"path":"C:\\Users\\User\\Desktop\\Chapter 11 last\\be-aku-cinta-binar-fsw-23\\src\\user\\user.route.js","statementMap":{"0":{"start":{"line":1,"column":16},"end":{"line":1,"column":34}},"1":{"start":{"line":2,"column":24},"end":{"line":2,"column":52}},"2":{"start":{"line":3,"column":26},"end":{"line":3,"column":69}},"3":{"start":{"line":6,"column":54},"end":{"line":6,"column":94}},"4":{"start":{"line":7,"column":21},"end":{"line":7,"column":56}},"5":{"start":{"line":8,"column":19},"end":{"line":8,"column":35}},"6":{"start":{"line":10,"column":23},"end":{"line":10,"column":51}},"7":{"start":{"line":57,"column":0},"end":{"line":57,"column":51}},"8":{"start":{"line":108,"column":0},"end":{"line":109,"column":37}},"9":{"start":{"line":120,"column":0},"end":{"line":120,"column":108}},"10":{"start":{"line":157,"column":0},"end":{"line":158,"column":34}},"11":{"start":{"line":191,"column":0},"end":{"line":192,"column":38}},"12":{"start":{"line":231,"column":0},"end":{"line":231,"column":77}},"13":{"start":{"line":269,"column":0},"end":{"line":269,"column":88}},"14":{"start":{"line":271,"column":0},"end":{"line":271,"column":28}}},"fnMap":{},"branchMap":{},"s":{"0":1,"1":1,"2":1,"3":1,"4":1,"5":1,"6":1,"7":1,"8":1,"9":1,"10":1,"11":1,"12":1,"13":1,"14":1},"f":{},"b":{},"_coverageSchema":"1a1c01bbd47fc00a2c39e90264f33305004495a9","hash":"e802c12b3210fde858bb2908e04750e66160bc23"}
,"C:\\Users\\User\\Desktop\\Chapter 11 last\\be-aku-cinta-binar-fsw-23\\src\\user\\user.service.js": {"path":"C:\\Users\\User\\Desktop\\Chapter 11 last\\be-aku-cinta-binar-fsw-23\\src\\user\\user.service.js","statementMap":{"0":{"start":{"line":1,"column":15},"end":{"line":1,"column":32}},"1":{"start":{"line":2,"column":26},"end":{"line":2,"column":69}},"2":{"start":{"line":3,"column":17},"end":{"line":3,"column":39}},"3":{"start":{"line":4,"column":18},"end":{"line":4,"column":20}},"4":{"start":{"line":6,"column":18},"end":{"line":6,"column":46}},"5":{"start":{"line":7,"column":19},"end":{"line":7,"column":40}},"6":{"start":{"line":12,"column":19},"end":{"line":15,"column":1}},"7":{"start":{"line":13,"column":27},"end":{"line":13,"column":79}},"8":{"start":{"line":14,"column":2},"end":{"line":14,"column":26}},"9":{"start":{"line":17,"column":19},"end":{"line":30,"column":1}},"10":{"start":{"line":18,"column":23},"end":{"line":18,"column":61}},"11":{"start":{"line":19,"column":25},"end":{"line":19,"column":64}},"12":{"start":{"line":21,"column":2},"end":{"line":29,"column":21}},"13":{"start":{"line":22,"column":24},"end":{"line":26,"column":6}},"14":{"start":{"line":27,"column":4},"end":{"line":27,"column":29}},"15":{"start":{"line":28,"column":4},"end":{"line":28,"column":23}},"16":{"start":{"line":29,"column":9},"end":{"line":29,"column":21}},"17":{"start":{"line":32,"column":17},"end":{"line":47,"column":1}},"18":{"start":{"line":34,"column":28},"end":{"line":34,"column":67}},"19":{"start":{"line":37,"column":25},"end":{"line":37,"column":77}},"20":{"start":{"line":39,"column":2},"end":{"line":46,"column":80}},"21":{"start":{"line":40,"column":24},"end":{"line":44,"column":6}},"22":{"start":{"line":45,"column":4},"end":{"line":45,"column":31}},"23":{"start":{"line":46,"column":9},"end":{"line":46,"column":80}},"24":{"start":{"line":49,"column":18},"end":{"line":93,"column":1}},"25":{"start":{"line":50,"column":25},"end":{"line":50,"column":64}},"26":{"start":{"line":53,"column":2},"end":{"line":91,"column":3}},"27":{"start":{"line":54,"column":19},"end":{"line":54,"column":36}},"28":{"start":{"line":55,"column":21},"end":{"line":55,"column":44}},"29":{"start":{"line":57,"column":21},"end":{"line":61,"column":6}},"30":{"start":{"line":63,"column":25},"end":{"line":63,"column":63}},"31":{"start":{"line":64,"column":28},"end":{"line":67,"column":6}},"32":{"start":{"line":69,"column":24},"end":{"line":75,"column":6}},"33":{"start":{"line":77,"column":24},"end":{"line":86,"column":5}},"34":{"start":{"line":88,"column":4},"end":{"line":88,"column":38}},"35":{"start":{"line":90,"column":4},"end":{"line":90,"column":16}},"36":{"start":{"line":92,"column":2},"end":{"line":92,"column":30}},"37":{"start":{"line":95,"column":21},"end":{"line":102,"column":1}},"38":{"start":{"line":96,"column":23},"end":{"line":96,"column":61}},"39":{"start":{"line":97,"column":26},"end":{"line":100,"column":4}},"40":{"start":{"line":101,"column":1},"end":{"line":101,"column":24}},"41":{"start":{"line":104,"column":20},"end":{"line":106,"column":1}},"42":{"start":{"line":105,"column":2},"end":{"line":105,"column":48}},"43":{"start":{"line":108,"column":21},"end":{"line":112,"column":1}},"44":{"start":{"line":109,"column":21},"end":{"line":109,"column":59}},"45":{"start":{"line":110,"column":16},"end":{"line":110,"column":36}},"46":{"start":{"line":111,"column":2},"end":{"line":111,"column":55}},"47":{"start":{"line":114,"column":20},"end":{"line":122,"column":1}},"48":{"start":{"line":124,"column":0},"end":{"line":124,"column":29}}},"fnMap":{"0":{"name":"(anonymous_0)","decl":{"start":{"line":12,"column":19},"end":{"line":12,"column":20}},"loc":{"start":{"line":12,"column":56},"end":{"line":15,"column":1}},"line":12},"1":{"name":"(anonymous_1)","decl":{"start":{"line":17,"column":19},"end":{"line":17,"column":20}},"loc":{"start":{"line":17,"column":60},"end":{"line":30,"column":1}},"line":17},"2":{"name":"(anonymous_2)","decl":{"start":{"line":32,"column":17},"end":{"line":32,"column":18}},"loc":{"start":{"line":32,"column":68},"end":{"line":47,"column":1}},"line":32},"3":{"name":"(anonymous_3)","decl":{"start":{"line":49,"column":18},"end":{"line":49,"column":19}},"loc":{"start":{"line":49,"column":39},"end":{"line":93,"column":1}},"line":49},"4":{"name":"(anonymous_4)","decl":{"start":{"line":95,"column":21},"end":{"line":95,"column":22}},"loc":{"start":{"line":95,"column":53},"end":{"line":102,"column":1}},"line":95},"5":{"name":"(anonymous_5)","decl":{"start":{"line":104,"column":20},"end":{"line":104,"column":21}},"loc":{"start":{"line":104,"column":42},"end":{"line":106,"column":1}},"line":104},"6":{"name":"(anonymous_6)","decl":{"start":{"line":108,"column":21},"end":{"line":108,"column":22}},"loc":{"start":{"line":108,"column":39},"end":{"line":112,"column":1}},"line":108}},"branchMap":{"0":{"loc":{"start":{"line":21,"column":2},"end":{"line":29,"column":21}},"type":"if","locations":[{"start":{"line":21,"column":2},"end":{"line":29,"column":21}},{"start":{"line":29,"column":9},"end":{"line":29,"column":21}}],"line":21},"1":{"loc":{"start":{"line":39,"column":2},"end":{"line":46,"column":80}},"type":"if","locations":[{"start":{"line":39,"column":2},"end":{"line":46,"column":80}},{"start":{"line":46,"column":9},"end":{"line":46,"column":80}}],"line":39},"2":{"loc":{"start":{"line":39,"column":6},"end":{"line":39,"column":42}},"type":"binary-expr","locations":[{"start":{"line":39,"column":6},"end":{"line":39,"column":24}},{"start":{"line":39,"column":28},"end":{"line":39,"column":42}}],"line":39},"3":{"loc":{"start":{"line":53,"column":2},"end":{"line":91,"column":3}},"type":"if","locations":[{"start":{"line":53,"column":2},"end":{"line":91,"column":3}},{"start":{"line":89,"column":9},"end":{"line":91,"column":3}}],"line":53}},"s":{"0":3,"1":3,"2":3,"3":3,"4":3,"5":3,"6":3,"7":1,"8":1,"9":3,"10":2,"11":2,"12":2,"13":1,"14":1,"15":1,"16":1,"17":3,"18":2,"19":2,"20":2,"21":1,"22":1,"23":1,"24":3,"25":2,"26":2,"27":1,"28":1,"29":1,"30":1,"31":1,"32":1,"33":1,"34":1,"35":1,"36":1,"37":3,"38":1,"39":1,"40":1,"41":3,"42":1,"43":3,"44":1,"45":1,"46":1,"47":3,"48":3},"f":{"0":1,"1":2,"2":2,"3":2,"4":1,"5":1,"6":1},"b":{"0":[1,1],"1":[1,1],"2":[2,1],"3":[1,1]},"_coverageSchema":"1a1c01bbd47fc00a2c39e90264f33305004495a9","hash":"02eb3d3018a2c212f719a4e499e3180da5a83cd4"}
}
