TN:
SF:src\auth\auth.repo.js
FN:4,(anonymous_0)
FNF:1
FNH:1
FNDA:4,(anonymous_0)
DA:2,2
DA:4,2
DA:5,4
DA:8,2
DA:11,2
LF:5
LH:5
BRF:0
BRH:0
end_of_record
TN:
SF:src\auth\auth.service.js
FN:3,(anonymous_0)
FNF:1
FNH:1
FNDA:2,(anonymous_0)
DA:1,1
DA:3,1
DA:4,2
DA:7,1
DA:11,1
LF:5
LH:5
BRF:0
BRH:0
end_of_record
TN:
SF:src\database\models\game.js
FN:5,(anonymous_0)
FN:12,(anonymous_1)
FNF:2
FNH:2
FNDA:6,(anonymous_0)
FNDA:6,(anonymous_1)
DA:4,6
DA:5,6
DA:17,6
DA:29,6
LF:4
LH:4
BRF:0
BRH:0
end_of_record
TN:
SF:src\database\models\index.js
FN:20,(anonymous_0)
FN:23,(anonymous_1)
FN:28,(anonymous_2)
FNF:3
FNH:3
FNDA:18,(anonymous_0)
FNDA:12,(anonymous_1)
FNDA:12,(anonymous_2)
DA:3,6
DA:4,6
DA:5,6
DA:6,6
DA:7,6
DA:8,6
DA:9,6
DA:12,6
DA:13,0
DA:15,6
DA:18,6
DA:21,18
DA:24,12
DA:25,12
DA:28,6
DA:29,12
DA:30,12
DA:34,6
DA:35,6
DA:37,6
LF:20
LH:19
BRDA:7,0,0,6
BRDA:7,0,1,0
BRDA:12,1,0,0
BRDA:12,1,1,6
BRDA:21,2,0,18
BRDA:21,2,1,18
BRDA:21,2,2,12
BRDA:29,3,0,12
BRDA:29,3,1,0
BRF:9
BRH:6
end_of_record
TN:
SF:src\database\models\user.js
FN:3,(anonymous_0)
FN:10,(anonymous_1)
FNF:2
FNH:2
FNDA:6,(anonymous_0)
FNDA:6,(anonymous_1)
DA:2,6
DA:3,6
DA:22,6
DA:34,6
LF:4
LH:4
BRF:0
BRH:0
end_of_record
TN:
SF:src\game\game.repo.js
FN:8,(anonymous_0)
FN:23,(anonymous_1)
FN:47,(anonymous_2)
FN:55,(anonymous_3)
FN:79,(anonymous_4)
FNF:5
FNH:5
FNDA:4,(anonymous_0)
FNDA:3,(anonymous_1)
FNDA:2,(anonymous_2)
FNDA:4,(anonymous_3)
FNDA:1,(anonymous_4)
DA:1,2
DA:2,2
DA:3,2
DA:5,2
DA:6,2
DA:8,2
DA:9,4
DA:23,2
DA:25,3
DA:26,2
DA:39,1
DA:47,2
DA:48,2
DA:55,2
DA:56,4
DA:57,2
DA:67,2
DA:79,2
DA:80,1
DA:91,2
DA:99,2
LF:21
LH:21
BRDA:25,0,0,2
BRDA:25,0,1,1
BRDA:56,1,0,2
BRDA:56,1,1,2
BRF:4
BRH:4
end_of_record
TN:
SF:src\game\game.service.js
FN:4,(anonymous_0)
FN:11,(anonymous_1)
FN:15,(anonymous_2)
FN:19,(anonymous_3)
FN:28,(anonymous_4)
FNF:5
FNH:4
FNDA:1,(anonymous_0)
FNDA:1,(anonymous_1)
FNDA:1,(anonymous_2)
FNDA:2,(anonymous_3)
FNDA:0,(anonymous_4)
DA:1,1
DA:2,1
DA:4,1
DA:5,1
DA:11,1
DA:12,1
DA:15,1
DA:16,1
DA:19,1
DA:20,2
DA:28,1
DA:29,0
DA:30,0
DA:31,0
DA:32,0
DA:34,0
DA:35,0
DA:36,0
DA:37,0
DA:38,0
DA:39,0
DA:40,0
DA:41,0
DA:42,0
DA:43,0
DA:44,0
DA:45,0
DA:48,0
DA:49,0
DA:50,0
DA:52,0
DA:53,0
DA:54,0
DA:56,0
DA:57,0
DA:60,1
DA:68,1
LF:37
LH:13
BRDA:31,0,0,0
BRDA:31,0,1,0
BRDA:34,1,0,0
BRDA:34,1,1,0
BRDA:34,2,0,0
BRDA:34,2,1,0
BRDA:36,3,0,0
BRDA:36,3,1,0
BRDA:36,4,0,0
BRDA:36,4,1,0
BRDA:38,5,0,0
BRDA:38,5,1,0
BRDA:38,6,0,0
BRDA:38,6,1,0
BRDA:40,7,0,0
BRDA:40,7,1,0
BRDA:40,8,0,0
BRDA:40,8,1,0
BRDA:42,9,0,0
BRDA:42,9,1,0
BRDA:42,10,0,0
BRDA:42,10,1,0
BRDA:44,11,0,0
BRDA:44,11,1,0
BRDA:44,12,0,0
BRDA:44,12,1,0
BRDA:48,13,0,0
BRDA:48,13,1,0
BRF:28
BRH:0
end_of_record
TN:
SF:src\middleware\token.verification.js
FN:4,(anonymous_0)
FNF:1
FNH:0
FNDA:0,(anonymous_0)
DA:1,1
DA:2,1
DA:4,1
DA:6,0
DA:7,0
DA:8,0
DA:9,0
DA:12,0
DA:14,0
DA:15,0
DA:16,0
DA:18,0
DA:22,1
LF:13
LH:4
BRDA:7,0,0,0
BRDA:7,0,1,0
BRDA:8,1,0,0
BRDA:8,1,1,0
BRF:4
BRH:0
end_of_record
TN:
SF:src\user\user.repo.js
FN:6,(anonymous_0)
FN:20,(anonymous_1)
FN:28,(anonymous_2)
FN:34,(anonymous_3)
FN:50,(anonymous_4)
FN:64,(anonymous_5)
FN:73,(anonymous_6)
FN:81,(anonymous_7)
FNF:8
FNH:8
FNDA:4,(anonymous_0)
FNDA:2,(anonymous_1)
FNDA:2,(anonymous_2)
FNDA:2,(anonymous_3)
FNDA:3,(anonymous_4)
FNDA:1,(anonymous_5)
FNDA:3,(anonymous_6)
FNDA:3,(anonymous_7)
DA:1,3
DA:3,3
DA:4,3
DA:6,3
DA:7,4
DA:8,4
DA:9,3
DA:16,1
DA:20,3
DA:21,2
DA:28,3
DA:29,2
DA:34,3
DA:36,2
DA:50,3
DA:51,3
DA:64,3
DA:65,1
DA:73,3
DA:74,3
DA:81,3
DA:82,3
DA:93,3
DA:104,3
LF:24
LH:24
BRDA:7,0,0,2
BRDA:7,0,1,2
BRDA:8,1,0,3
BRDA:8,1,1,1
BRF:4
BRH:4
end_of_record
TN:
SF:src\user\user.service.js
FN:12,(anonymous_0)
FN:17,(anonymous_1)
FN:32,(anonymous_2)
FN:49,(anonymous_3)
FN:88,(anonymous_4)
FN:102,(anonymous_5)
FN:111,(anonymous_6)
FN:115,(anonymous_7)
FNF:8
FNH:6
FNDA:1,(anonymous_0)
FNDA:2,(anonymous_1)
FNDA:2,(anonymous_2)
FNDA:0,(anonymous_3)
FNDA:0,(anonymous_4)
FNDA:1,(anonymous_5)
FNDA:1,(anonymous_6)
FNDA:1,(anonymous_7)
DA:1,1
DA:2,1
DA:3,1
DA:4,1
DA:6,1
DA:7,1
DA:12,1
DA:13,1
DA:14,1
DA:17,1
DA:18,2
DA:19,2
DA:21,2
DA:22,1
DA:27,1
DA:28,1
DA:29,1
DA:32,1
DA:34,2
DA:37,2
DA:39,2
DA:40,1
DA:45,1
DA:46,1
DA:49,1
DA:50,0
DA:53,0
DA:54,0
DA:55,0
DA:57,0
DA:63,0
DA:64,0
DA:69,0
DA:77,0
DA:88,0
DA:89,0
DA:90,0
DA:92,0
DA:93,0
DA:97,0
DA:99,0
DA:102,1
DA:103,1
DA:104,1
DA:108,1
DA:111,1
DA:112,1
DA:115,1
DA:116,1
DA:117,1
DA:118,1
DA:121,1
DA:131,1
LF:53
LH:37
BRDA:21,0,0,1
BRDA:21,0,1,1
BRDA:39,1,0,1
BRDA:39,1,1,1
BRDA:39,2,0,2
BRDA:39,2,1,1
BRDA:53,3,0,0
BRDA:53,3,1,0
BRDA:89,4,0,0
BRDA:89,4,1,0
BRF:10
BRH:6
end_of_record
