TN:
SF:src\auth\auth.controller.js
FN:5,(anonymous_0)
FNF:1
FNH:1
FNDA:3,(anonymous_0)
DA:1,1
DA:2,1
DA:3,1
DA:5,1
DA:6,3
DA:8,3
DA:11,3
DA:14,2
DA:16,2
DA:18,1
DA:29,1
DA:31,1
DA:35,1
DA:38,1
LF:14
LH:14
BRDA:11,0,0,1
BRDA:11,0,1,2
BRDA:16,1,0,1
BRDA:16,1,1,1
BRF:4
BRH:4
end_of_record
TN:
SF:src\auth\auth.repo.js
FN:4,(anonymous_0)
FNF:1
FNH:1
FNDA:4,(anonymous_0)
DA:2,3
DA:4,3
DA:5,4
DA:8,3
DA:11,3
LF:5
LH:5
BRF:0
BRH:0
end_of_record
TN:
SF:src\auth\auth.service.js
FN:3,(anonymous_0)
FNF:1
FNH:1
FNDA:2,(anonymous_0)
DA:1,2
DA:3,2
DA:4,2
DA:7,2
DA:11,2
LF:5
LH:5
BRF:0
BRH:0
end_of_record
TN:
SF:src\database\models\game.js
FN:5,(anonymous_0)
FN:12,(anonymous_1)
FNF:2
FNH:2
FNDA:10,(anonymous_0)
FNDA:10,(anonymous_1)
DA:4,10
DA:5,10
DA:17,10
DA:29,10
LF:4
LH:4
BRF:0
BRH:0
end_of_record
TN:
SF:src\database\models\user.js
FN:3,(anonymous_0)
FN:10,(anonymous_1)
FNF:2
FNH:2
FNDA:10,(anonymous_0)
FNDA:10,(anonymous_1)
DA:2,10
DA:3,10
DA:22,10
DA:34,10
LF:4
LH:4
BRF:0
BRH:0
end_of_record
TN:
SF:src\game\game.controller.js
FN:9,(anonymous_0)
FN:24,(anonymous_1)
FN:37,(anonymous_2)
FN:47,(anonymous_3)
FNF:4
FNH:4
FNDA:2,(anonymous_0)
FNDA:2,(anonymous_1)
FNDA:2,(anonymous_2)
FNDA:3,(anonymous_3)
DA:1,1
DA:2,1
DA:3,1
DA:5,1
DA:9,1
DA:10,2
DA:11,2
DA:14,2
DA:18,1
DA:20,1
DA:24,1
DA:25,2
DA:26,2
DA:27,2
DA:31,1
DA:33,1
DA:37,1
DA:38,2
DA:39,2
DA:40,2
DA:41,1
DA:43,1
DA:47,1
DA:48,3
DA:49,3
DA:50,3
DA:51,3
DA:52,2
DA:53,1
DA:55,1
DA:56,1
DA:59,1
DA:65,1
DA:72,1
LF:34
LH:34
BRDA:52,0,0,1
BRDA:52,0,1,1
BRF:2
BRH:2
end_of_record
TN:
SF:src\game\game.repo.js
FN:8,(anonymous_0)
FN:23,(anonymous_1)
FN:47,(anonymous_2)
FN:55,(anonymous_3)
FN:79,(anonymous_4)
FNF:5
FNH:5
FNDA:4,(anonymous_0)
FNDA:3,(anonymous_1)
FNDA:2,(anonymous_2)
FNDA:4,(anonymous_3)
FNDA:1,(anonymous_4)
DA:1,3
DA:2,3
DA:3,3
DA:5,3
DA:6,3
DA:8,3
DA:9,4
DA:23,3
DA:25,3
DA:26,2
DA:39,1
DA:47,3
DA:48,2
DA:55,3
DA:56,4
DA:57,2
DA:67,2
DA:79,3
DA:80,1
DA:91,3
DA:99,3
LF:21
LH:21
BRDA:25,0,0,2
BRDA:25,0,1,1
BRDA:56,1,0,2
BRDA:56,1,1,2
BRF:4
BRH:4
end_of_record
TN:
SF:src\game\game.service.js
FN:4,(anonymous_0)
FN:11,(anonymous_1)
FN:15,(anonymous_2)
FN:19,(anonymous_3)
FN:28,(anonymous_4)
FNF:5
FNH:5
FNDA:1,(anonymous_0)
FNDA:1,(anonymous_1)
FNDA:1,(anonymous_2)
FNDA:2,(anonymous_3)
FNDA:7,(anonymous_4)
DA:1,2
DA:2,2
DA:4,2
DA:5,1
DA:11,2
DA:12,1
DA:15,2
DA:16,1
DA:19,2
DA:20,2
DA:28,2
DA:29,7
DA:30,7
DA:31,7
DA:32,1
DA:34,6
DA:35,1
DA:36,6
DA:37,1
DA:38,6
DA:39,1
DA:40,6
DA:41,1
DA:42,6
DA:43,1
DA:44,6
DA:45,1
DA:48,7
DA:49,6
DA:50,6
DA:52,6
DA:53,6
DA:54,6
DA:56,7
DA:57,7
DA:60,2
DA:68,2
LF:37
LH:37
BRDA:31,0,0,1
BRDA:31,0,1,6
BRDA:34,1,0,1
BRDA:34,1,1,5
BRDA:34,2,0,6
BRDA:34,2,1,2
BRDA:36,3,0,1
BRDA:36,3,1,5
BRDA:36,4,0,6
BRDA:36,4,1,2
BRDA:38,5,0,1
BRDA:38,5,1,5
BRDA:38,6,0,6
BRDA:38,6,1,2
BRDA:40,7,0,1
BRDA:40,7,1,5
BRDA:40,8,0,6
BRDA:40,8,1,2
BRDA:42,9,0,1
BRDA:42,9,1,5
BRDA:42,10,0,6
BRDA:42,10,1,2
BRDA:44,11,0,1
BRDA:44,11,1,5
BRDA:44,12,0,6
BRDA:44,12,1,2
BRDA:48,13,0,6
BRDA:48,13,1,1
BRF:28
BRH:28
end_of_record
TN:
SF:src\middleware\token.verification.js
FN:4,(anonymous_0)
FNF:1
FNH:1
FNDA:3,(anonymous_0)
DA:1,3
DA:2,3
DA:4,3
DA:6,3
DA:7,3
DA:8,3
DA:9,1
DA:12,2
DA:14,2
DA:15,1
DA:16,1
DA:18,1
DA:22,3
LF:13
LH:13
BRDA:7,0,0,3
BRDA:7,0,1,2
BRDA:8,1,0,1
BRDA:8,1,1,2
BRF:4
BRH:4
end_of_record
TN:
SF:src\middleware\user.validation.js
FNF:0
FNH:0
DA:2,1
DA:3,1
DA:6,1
DA:24,1
DA:32,1
DA:43,1
DA:56,1
DA:63,1
LF:8
LH:8
BRF:0
BRH:0
end_of_record
TN:
SF:src\user\user.controller.js
FN:19,(anonymous_0)
FN:29,(anonymous_1)
FN:48,(anonymous_2)
FN:74,(anonymous_3)
FN:92,(anonymous_4)
FN:102,(anonymous_5)
FN:114,(anonymous_6)
FNF:7
FNH:7
FNDA:2,(anonymous_0)
FNDA:4,(anonymous_1)
FNDA:3,(anonymous_2)
FNDA:3,(anonymous_3)
FNDA:2,(anonymous_4)
FNDA:2,(anonymous_5)
FNDA:3,(anonymous_6)
DA:1,2
DA:2,2
DA:4,2
DA:5,2
DA:6,2
DA:7,2
DA:8,2
DA:9,2
DA:10,2
DA:11,2
DA:13,2
DA:19,2
DA:20,2
DA:21,2
DA:22,2
DA:23,1
DA:25,1
DA:29,2
DA:30,4
DA:31,4
DA:32,4
DA:33,4
DA:34,4
DA:36,3
DA:37,2
DA:38,2
DA:39,1
DA:41,1
DA:44,1
DA:48,2
DA:49,3
DA:50,3
DA:51,3
DA:52,3
DA:53,3
DA:54,3
DA:56,3
DA:57,2
DA:64,1
DA:65,1
DA:67,1
DA:70,1
DA:74,2
DA:75,3
DA:76,3
DA:77,3
DA:82,2
DA:83,1
DA:86,1
DA:88,1
DA:92,2
DA:93,2
DA:94,2
DA:95,2
DA:96,1
DA:98,1
DA:102,2
DA:103,2
DA:104,2
DA:105,2
DA:106,1
DA:108,1
DA:114,2
DA:115,3
DA:116,3
DA:118,3
DA:120,2
DA:122,1
DA:124,1
DA:125,1
DA:129,2
DA:139,2
LF:72
LH:72
BRDA:36,0,0,2
BRDA:36,0,1,1
BRDA:38,1,0,1
BRDA:38,1,1,1
BRDA:56,2,0,2
BRDA:56,2,1,1
BRDA:82,3,0,1
BRDA:82,3,1,1
BRDA:120,4,0,1
BRDA:120,4,1,1
BRF:10
BRH:10
end_of_record
TN:
SF:src\user\user.repo.js
FN:6,(anonymous_0)
FN:20,(anonymous_1)
FN:28,(anonymous_2)
FN:34,(anonymous_3)
FN:50,(anonymous_4)
FN:64,(anonymous_5)
FN:73,(anonymous_6)
FN:81,(anonymous_7)
FNF:8
FNH:8
FNDA:4,(anonymous_0)
FNDA:2,(anonymous_1)
FNDA:2,(anonymous_2)
FNDA:2,(anonymous_3)
FNDA:2,(anonymous_4)
FNDA:1,(anonymous_5)
FNDA:3,(anonymous_6)
FNDA:3,(anonymous_7)
DA:1,6
DA:3,6
DA:4,6
DA:6,6
DA:7,4
DA:8,4
DA:9,3
DA:16,1
DA:20,6
DA:21,2
DA:28,6
DA:29,2
DA:34,6
DA:36,2
DA:50,6
DA:51,2
DA:64,6
DA:65,1
DA:73,6
DA:74,3
DA:81,6
DA:82,3
DA:93,6
DA:104,6
LF:24
LH:24
BRDA:7,0,0,2
BRDA:7,0,1,2
BRDA:8,1,0,3
BRDA:8,1,1,1
BRF:4
BRH:4
end_of_record
TN:
SF:src\user\user.route.js
FNF:0
FNH:0
DA:1,1
DA:2,1
DA:3,1
DA:6,1
DA:7,1
DA:8,1
DA:10,1
DA:57,1
DA:108,1
DA:120,1
DA:157,1
DA:191,1
DA:231,1
DA:269,1
DA:271,1
LF:15
LH:15
BRF:0
BRH:0
end_of_record
TN:
SF:src\user\user.service.js
FN:12,(anonymous_0)
FN:17,(anonymous_1)
FN:32,(anonymous_2)
FN:49,(anonymous_3)
FN:95,(anonymous_4)
FN:104,(anonymous_5)
FN:108,(anonymous_6)
FNF:7
FNH:7
FNDA:1,(anonymous_0)
FNDA:2,(anonymous_1)
FNDA:2,(anonymous_2)
FNDA:2,(anonymous_3)
FNDA:1,(anonymous_4)
FNDA:1,(anonymous_5)
FNDA:1,(anonymous_6)
DA:1,3
DA:2,3
DA:3,3
DA:4,3
DA:6,3
DA:7,3
DA:12,3
DA:13,1
DA:14,1
DA:17,3
DA:18,2
DA:19,2
DA:21,2
DA:22,1
DA:27,1
DA:28,1
DA:29,1
DA:32,3
DA:34,2
DA:37,2
DA:39,2
DA:40,1
DA:45,1
DA:46,1
DA:49,3
DA:50,2
DA:53,2
DA:54,1
DA:55,1
DA:57,1
DA:63,1
DA:64,1
DA:69,1
DA:77,1
DA:88,1
DA:90,1
DA:92,1
DA:95,3
DA:96,1
DA:97,1
DA:101,1
DA:104,3
DA:105,1
DA:108,3
DA:109,1
DA:110,1
DA:111,1
DA:114,3
DA:124,3
LF:49
LH:49
BRDA:21,0,0,1
BRDA:21,0,1,1
BRDA:39,1,0,1
BRDA:39,1,1,1
BRDA:39,2,0,2
BRDA:39,2,1,1
BRDA:53,3,0,1
BRDA:53,3,1,1
BRF:8
BRH:8
end_of_record
